<?xml version="1.0" encoding="UTF-8"?>
<!-- Generated by org.testng.reporters.JUnitReportReporter -->
<testsuite skipped="0" hostname="LAPTOP-6UDNG0RE" name="dockerValidation.ChromeTest3" tests="1" failures="0" timestamp="2020-05-12T12:14:09 IST" time="24.675" errors="0">
  <testcase name="test3" time="24.675" classname="dockerValidation.ChromeTest3"/>
  <system-out/>
</testsuite> <!-- dockerValidation.ChromeTest3 -->
