<?xml version="1.0" encoding="UTF-8"?>
<!-- Generated by org.testng.reporters.JUnitReportReporter -->
<testsuite skipped="0" hostname="LAPTOP-6UDNG0RE" name="dockerValidation.ChromeTest2" tests="1" failures="0" timestamp="2020-05-12T12:14:09 IST" time="23.531" errors="0">
  <testcase name="test2" time="23.531" classname="dockerValidation.ChromeTest2"/>
  <system-out/>
</testsuite> <!-- dockerValidation.ChromeTest2 -->
